<?xml version="1.0" encoding="UTF-8"?>
<!-- Generated by org.testng.reporters.JUnitReportReporter -->
<testsuite hostname="DESKTOP-9ORLONM" failures="0" tests="3" name="test.Day4" time="0.005" errors="0" timestamp="2023-11-28T00:48:52 IST" skipped="0">
  <testcase classname="test.Day4" name="MobileLoginHomeLoan" time="0.001"/>
  <system-out/>
  <testcase classname="test.Day4" name="LoginAPIHomeLoan" time="0.003"/>
  <system-out/>
  <testcase classname="test.Day4" name="WebLoginHomeLoan" time="0.001"/>
  <system-out/>
</testsuite> <!-- test.Day4 -->
