<?xml version="1.0" encoding="UTF-8"?>
<!-- Generated by org.testng.reporters.JUnitReportReporter -->
<testsuite hostname="DESKTOP-9ORLONM" failures="0" tests="1" name="test.Day2" time="0.002" errors="0" timestamp="2023-11-28T00:48:52 IST" skipped="0">
  <testcase classname="test.Day2" name="loan" time="0.002"/>
  <system-out/>
</testsuite> <!-- test.Day2 -->
