<?xml version="1.0" encoding="UTF-8"?>
<!-- Generated by org.testng.reporters.JUnitReportReporter -->
<testsuite hostname="DESKTOP-9ORLONM" failures="0" tests="8" name="test.Day3" time="0.077" errors="0" timestamp="2023-11-28T00:48:52 IST" skipped="0">
  <testcase classname="test.Day3" name="MobilesignoutcarLoan" time="0.013"/>
  <system-out/>
  <testcase classname="test.Day3" name="MobilesignoutcarLoan" time="0.003"/>
  <system-out/>
  <testcase classname="test.Day3" name="LoginAPICarLoan" time="0.004"/>
  <system-out/>
  <testcase classname="test.Day3" name="MobileLoginCarLoan" time="0.007"/>
  <system-out/>
  <testcase classname="test.Day3" name="WebLoginCarLoan" time="0.009"/>
  <system-out/>
  <testcase classname="test.Day3" name="WebLoginCarLoan" time="0.015"/>
  <system-out/>
  <testcase classname="test.Day3" name="LoginAPICarLoan" time="0.015"/>
  <system-out/>
  <testcase classname="test.Day3" name="MobilesignoutcarLoan" time="0.011"/>
  <system-out/>
</testsuite> <!-- test.Day3 -->
